<?xml version="1.0" encoding="UTF-8"?>
<!-- Generated by org.testng.reporters.JUnitReportReporter -->
<testsuite ignored="0" hostname="DESKTOP-V8V0JNL" failures="0" tests="1" name="pruebatestng.SelTest" time="7.086" errors="0" timestamp="20 abr. 2024 16:47:58 GMT" skipped="0">
  <testcase classname="pruebatestng.SelTest" name="test01" time="7.086"/>
</testsuite> <!-- pruebatestng.SelTest -->
